
--- 2023-11-22T06:09:37.552Z debug
🐛 Writing logs to ".wrangler/logs/wrangler-2023-11-22_06-09-36_450.log"
---

--- 2023-11-22T06:09:37.552Z log
 ⛅️ wrangler 3.17.0
[38;2;255;136;0m-------------------[39m
---

--- 2023-11-22T06:09:37.553Z log
Attempting to login via OAuth...
---

--- 2023-11-22T06:09:37.555Z log
Opening a link in your default browser: https://dash.cloudflare.com/oauth2/auth?response_type=code&client_id=54d11594-84e4-41aa-b438-e81b8fa78ee7&redirect_uri=http%3A%2F%2Flocalhost%3A8976%2Foauth%2Fcallback&scope=account%3Aread%20user%3Aread%20workers%3Awrite%20workers_kv%3Awrite%20workers_routes%3Awrite%20workers_scripts%3Awrite%20workers_tail%3Aread%20d1%3Awrite%20pages%3Awrite%20zone%3Aread%20ssl_certs%3Awrite%20constellation%3Awrite%20ai%3Aread%20offline_access&state=TvPn6MYX6eYU2TvHc-Sk7N-zyg~fEOjA&code_challenge=0D7PLvuqqx0pWta8jnSFbwdHlavDAzAaX7ZLQ_D39QU&code_challenge_method=S256
---

--- 2023-11-22T06:09:44.339Z debug
Checking if domain has Access enabled: dash.cloudflare.com
---

--- 2023-11-22T06:09:44.339Z debug
Access switch not cached for: dash.cloudflare.com
---

--- 2023-11-22T06:09:44.510Z debug
Caching access switch for: dash.cloudflare.com
---

--- 2023-11-22T06:09:44.776Z log
Successfully logged in.
---

--- 2023-11-22T06:09:44.777Z debug
No folder available to cache configuration
---

--- 2023-11-22T06:09:44.784Z debug
No folder available to cache configuration
---

--- 2023-11-22T06:09:44.785Z debug
-- START CF API REQUEST: GET https://api.cloudflare.com/client/v4/user
---

--- 2023-11-22T06:09:44.785Z debug
HEADERS: omitted; set WRANGLER_LOG_SANITIZE=false to include sanitized data
---

--- 2023-11-22T06:09:44.785Z debug
INIT: omitted; set WRANGLER_LOG_SANITIZE=false to include sanitized data
---

--- 2023-11-22T06:09:44.785Z debug
-- END CF API REQUEST
---

--- 2023-11-22T06:09:45.256Z debug
-- START CF API RESPONSE: OK 200
---

--- 2023-11-22T06:09:45.257Z debug
HEADERS: omitted; set WRANGLER_LOG_SANITIZE=false to include sanitized data
---

--- 2023-11-22T06:09:45.257Z debug
RESPONSE: omitted; set WRANGLER_LOG_SANITIZE=false to include sanitized data
---

--- 2023-11-22T06:09:45.257Z debug
-- END CF API RESPONSE
---

--- 2023-11-22T06:09:57.903Z log
Your choice has been saved in the following file: ../../../Library/Preferences/.wrangler/metrics.json.

  You can override the user level setting for a project in `wrangler.toml`:

   - to disable sending metrics for a project: `send_metrics = false`
   - to enable sending metrics for a project: `send_metrics = true`
---

--- 2023-11-22T06:09:57.904Z debug
Metrics dispatcher: Posting data {"type":"event","name":"login user","properties":{}}
---
